<?xml version="1.0" encoding="UTF-8"?>
<!-- Generated by org.testng.reporters.JUnitReportReporter -->
<testsuite hostname="PC-IndrajeetY" failures="0" tests="3" name="GroupingDemo.SignupTests" time="0.000" errors="0" timestamp="2024-10-10T16:55:16 IST" skipped="0">
  <testcase classname="GroupingDemo.SignupTests" name="signupByEmail" time="0.000"/>
  <system-out/>
  <testcase classname="GroupingDemo.SignupTests" name="signupByFacebook" time="0.000"/>
  <system-out/>
  <testcase classname="GroupingDemo.SignupTests" name="signupByTwitter" time="0.000"/>
  <system-out/>
</testsuite> <!-- GroupingDemo.SignupTests -->
