<?xml version="1.0" encoding="UTF-8"?>
<!-- Generated by org.testng.reporters.JUnitReportReporter -->
<testsuite hostname="PC-IndrajeetY" failures="0" tests="1" name="POM_Demo.LoginTest" time="1.450" errors="0" timestamp="2024-10-14T07:48:06 IST" skipped="0">
  <testcase classname="POM_Demo.LoginTest" name="testLogin" time="1.450"/>
  <system-out/>
</testsuite> <!-- POM_Demo.LoginTest -->
