<?xml version="1.0" encoding="UTF-8"?>
<!-- Generated by org.testng.reporters.JUnitReportReporter -->
<testsuite hostname="PC-IndrajeetY" failures="0" tests="4" name="TestNG_Demo.OrangeHRMTest" time="7.739" errors="0" timestamp="2024-10-08T18:20:41 IST" skipped="0">
  <testcase classname="TestNG_Demo.OrangeHRMTest" name="openApp" time="3.501"/>
  <system-out/>
  <testcase classname="TestNG_Demo.OrangeHRMTest" name="testLogo" time="3.028"/>
  <system-out/>
  <testcase classname="TestNG_Demo.OrangeHRMTest" name="testLogin" time="1.116"/>
  <system-out/>
  <testcase classname="TestNG_Demo.OrangeHRMTest" name="closeApp" time="0.094"/>
  <system-out/>
</testsuite> <!-- TestNG_Demo.OrangeHRMTest -->
