<?xml version="1.0" encoding="UTF-8"?>
<!-- Generated by org.testng.reporters.JUnitReportReporter -->
<testsuite hostname="PC-IndrajeetY" failures="0" tests="2" name="TestNG_demo1.AnnotationsDemo2" time="0.006" errors="0" timestamp="2024-10-09T22:57:35 IST" skipped="0">
  <testcase classname="TestNG_demo1.AnnotationsDemo2" name="search" time="0.005"/>
  <system-out/>
  <testcase classname="TestNG_demo1.AnnotationsDemo2" name="advancedSearch" time="0.001"/>
  <system-out/>
</testsuite> <!-- TestNG_demo1.AnnotationsDemo2 -->
