<?xml version="1.0" encoding="UTF-8"?>
<!-- Generated by org.testng.reporters.JUnitReportReporter -->
<testsuite hostname="PC-IndrajeetY" failures="0" tests="3" name="TestNG_Demo.FirstTestCase" time="0.004" errors="0" timestamp="2024-10-08T18:20:41 IST" skipped="0">
  <testcase classname="TestNG_Demo.FirstTestCase" name="openapp" time="0.001"/>
  <system-out/>
  <testcase classname="TestNG_Demo.FirstTestCase" name="login" time="0.002"/>
  <system-out/>
  <testcase classname="TestNG_Demo.FirstTestCase" name="logout" time="0.001"/>
  <system-out/>
</testsuite> <!-- TestNG_Demo.FirstTestCase -->
