<?xml version="1.0" encoding="UTF-8"?>
<!-- Generated by org.testng.reporters.JUnitReportReporter -->
<testsuite hostname="PC-IndrajeetY" failures="0" tests="2" name="GroupingDemo.PaymentTests" time="0.007" errors="0" timestamp="2024-10-10T16:57:43 IST" skipped="0">
  <testcase classname="GroupingDemo.PaymentTests" name="paymentInRupees" time="0.007"/>
  <system-out/>
  <testcase classname="GroupingDemo.PaymentTests" name="paymentInDollars" time="0.000"/>
  <system-out/>
</testsuite> <!-- GroupingDemo.PaymentTests -->
