<?xml version="1.0" encoding="UTF-8"?>
<!-- Generated by org.testng.reporters.JUnitReportReporter -->
<testsuite hostname="PC-IndrajeetY" failures="0" tests="3" name="GroupingDemo.LoginTests" time="0.007" errors="0" timestamp="2024-10-10T16:55:16 IST" skipped="0">
  <testcase classname="GroupingDemo.LoginTests" name="loginByEmail" time="0.006"/>
  <system-out/>
  <testcase classname="GroupingDemo.LoginTests" name="loginByFacebook" time="0.000"/>
  <system-out/>
  <testcase classname="GroupingDemo.LoginTests" name="loginByTwitter" time="0.001"/>
  <system-out/>
</testsuite> <!-- GroupingDemo.LoginTests -->
