<?xml version="1.0" encoding="UTF-8"?>
<!-- Generated by org.testng.reporters.JUnitReportReporter -->
<testsuite hostname="PC-IndrajeetY" failures="0" tests="1" name="AssertionDemoPckg.HardVsSoftAssertion" time="0.012" errors="0" timestamp="2024-10-10T00:22:54 IST" skipped="0">
  <testcase classname="AssertionDemoPckg.HardVsSoftAssertion" name="test_softAssertions" time="0.012"/>
  <system-out/>
</testsuite> <!-- AssertionDemoPckg.HardVsSoftAssertion -->
