<?xml version="1.0" encoding="UTF-8"?>
<!-- Generated by org.testng.reporters.JUnitReportReporter -->
<testsuite hostname="PC-IndrajeetY" failures="0" tests="2" name="TestNG_demo2.C1" time="0.005" errors="0" timestamp="2024-10-09T23:23:15 IST" skipped="0">
  <testcase classname="TestNG_demo2.C1" name="abc" time="0.005"/>
  <system-out/>
  <testcase classname="TestNG_demo2.C1" name="abc" time="0.000"/>
  <system-out/>
</testsuite> <!-- TestNG_demo2.C1 -->
