<?xml version="1.0" encoding="UTF-8"?>
<!-- Generated by org.testng.reporters.JUnitReportReporter -->
<testsuite hostname="PC-IndrajeetY" failures="0" tests="2" name="TestNG_demo2.C3" time="0.000" errors="0" timestamp="2024-10-09T23:23:15 IST" skipped="0">
  <testcase classname="TestNG_demo2.C3" name="pqr" time="0.000"/>
  <system-out/>
  <testcase classname="TestNG_demo2.C3" name="pqr" time="0.000"/>
  <system-out/>
</testsuite> <!-- TestNG_demo2.C3 -->
